<?xml version="1.0" encoding="UTF-8"?>
<testsuites name="Release Checks" time="109" tests="3" failures="3" errors="0">
   <testsuite name="Release Checks" tests="3" failures="3" errors="0" time="109" timestamp="2018-02-06 11:18:35" hostname="AndyHillier - LAPTOP-70TGMTGG" id="Test Suites/Release Checks">
      <properties>
         <property name="deviceName" value=""/>
         <property name="devicePlatform" value=""/>
         <property name="logFolder" value="C:\\Users\\AndyHillier\\Desktop\\Katalon\\Release Checks Project\\SOTW Release Checks\\SOTW Release Checks\\Reports\\Release Checks\\20180206_111830"/>
         <property name="logFiles" value="C:\\Users\\AndyHillier\\Desktop\\Katalon\\Release Checks Project\\SOTW Release Checks\\SOTW Release Checks\\Reports\\Release Checks\\20180206_111830\\execution0.log, C:\\Users\\AndyHillier\\Desktop\\Katalon\\Release Checks Project\\SOTW Release Checks\\SOTW Release Checks\\Reports\\Release Checks\\20180206_111830\\IEDriverServer.log"/>
         <property name="attachments" value="C:\\Users\\AndyHillier\\Desktop\\Katalon\\Release Checks Project\\SOTW Release Checks\\SOTW Release Checks\\Reports\\Release Checks\\20180206_111830\\1517915951610.png, C:\\Users\\AndyHillier\\Desktop\\Katalon\\Release Checks Project\\SOTW Release Checks\\SOTW Release Checks\\Reports\\Release Checks\\20180206_111830\\/Users/AndyHillier/Desktop/error_page.png, C:\\Users\\AndyHillier\\Desktop\\Katalon\\Release Checks Project\\SOTW Release Checks\\SOTW Release Checks\\Reports\\Release Checks\\20180206_111830\\1517916001471.png, C:\\Users\\AndyHillier\\Desktop\\Katalon\\Release Checks Project\\SOTW Release Checks\\SOTW Release Checks\\Reports\\Release Checks\\20180206_111830\\1517916006367.png, C:\\Users\\AndyHillier\\Desktop\\Katalon\\Release Checks Project\\SOTW Release Checks\\SOTW Release Checks\\Reports\\Release Checks\\20180206_111830\\1517916022710.png"/>
         <property name="hostName" value="AndyHillier - LAPTOP-70TGMTGG"/>
         <property name="os" value="Windows 10 64bit"/>
         <property name="katalonVersion" value="5.3.0.1"/>
         <property name="browser" value="IE 11"/>
         <property name="hostAddress" value="192.168.1.134"/>
         <property name="sessionId" value="1c55c862-5030-4f92-becb-e2c326c714c1"/>
         <property name="seleniumVersion" value="3.7.1"/>
         <property name="proxyInformation" value="ProxyInformation{proxyOption=NO_PROXY, proxyServerType=HTTP, password=, proxyServerAddress=, proxyServerPort=0}"/>
         <property name="platform" value="Windows 10"/>
      </properties>
      <testcase name="Test Cases/HTTPS Redirect - Not Logged In - LIVE" classname="Test Cases/HTTPS Redirect - Not Logged In - LIVE" status="PASSED">
         <system-out><![CDATA[2018-02-06 11:18:36 - [TEST_CASE][PASSED] - Test Cases/HTTPS Redirect - Not Logged In - LIVE: Test Cases/HTTPS Redirect - Not Logged In - LIVE

2018-02-06 11:18:37 - [TEST_STEP][PASSED] - openBrowser: Browser is opened with url: 'www.google.co.uk'

2018-02-06 11:18:45 - [MESSAGE][PASSED] - Browser is opened with url: 'www.google.co.uk'

2018-02-06 11:18:45 - [TEST_STEP][PASSED] - navigateToUrl: Navigate to 'http://app.schoolcomms.com/messaging' successfully

2018-02-06 11:18:46 - [MESSAGE][PASSED] - Navigate to 'http://app.schoolcomms.com/messaging' successfully

2018-02-06 11:18:46 - [TEST_STEP][PASSED] - waitForPageLoad: Wait for page load successfully

2018-02-06 11:18:46 - [MESSAGE][WARNING] - Timeout '0' is invalid. Using default page load timeout: '30'

2018-02-06 11:18:46 - [MESSAGE][PASSED] - Wait for page load successfully

2018-02-06 11:18:46 - [TEST_STEP][PASSED] - Statement - url = com.kms.katalon.core.webui.keyword.WebUiBuiltInKeywords.getUrl(): Current window's url is: 'https://app.schoolcomms.com/login?ReturnUrl=%2fmessaging'

2018-02-06 11:18:46 - [MESSAGE][PASSED] - Current window's url is: 'https://app.schoolcomms.com/login?ReturnUrl=%2fmessaging'

2018-02-06 11:18:46 - [TEST_STEP][PASSED] - verifyEqual: Actual object 'https://app.schoolcomms.com/login?ReturnUrl=%2fmessaging' and expected object 'https://app.schoolcomms.com/login?ReturnUrl=%2fmessaging' are equal

2018-02-06 11:18:47 - [MESSAGE][PASSED] - Actual object 'https://app.schoolcomms.com/login?ReturnUrl=%2fmessaging' and expected object 'https://app.schoolcomms.com/login?ReturnUrl=%2fmessaging' are equal

2018-02-06 11:18:47 - [TEST_STEP][PASSED] - closeBrowser: Browser is closed

2018-02-06 11:18:48 - [MESSAGE][PASSED] - Browser is closed]]></system-out>
         <system-err><![CDATA[]]></system-err>
      </testcase>
      <testcase name="Test Cases/HTTPS Redirect - Logged In - Labs" classname="Test Cases/HTTPS Redirect - Logged In - Labs" status="FAILED">
         <failure type="FAILED" message="Unable to wait for page load (Root cause: org.openqa.selenium.UnhandledAlertException: Modal dialog present: There are unsaved changes on this page.
Build info: version: '3.7.1', revision: '8a0099a', time: '2017-11-06T21:07:36.161Z'
System info: host: 'LAPTOP-70TGMTGG', ip: '192.168.1.134', os.name: 'Windows 10', os.arch: 'amd64', os.version: '10.0', java.version: '1.8.0_102'
Driver info: com.kms.katalon.selenium.driver.CInternetExplorerDriver
Capabilities {acceptInsecureCerts: false, browserName: internet explorer, browserVersion: 11, javascriptEnabled: true, pageLoadStrategy: normal, platform: WINDOWS, platformName: WINDOWS, se:ieOptions: {browserAttachTimeout: 0, elementScrollBehavior: 0, enablePersistentHover: true, ie.browserCommandLineSwitches: , ie.ensureCleanSession: false, ie.fileUploadDialogTimeout: 3000, ie.forceCreateProcessApi: false, ignoreProtectedModeSettings: false, ignoreZoomSetting: false, initialBrowserUrl: http://localhost:39362/, nativeEvents: true, requireWindowFocus: false}, setWindowRect: true}
Session ID: 602c5d72-c282-4632-a6aa-9e7adcc713e9)"/>
         <system-out><![CDATA[2018-02-06 11:18:48 - [TEST_CASE][FAILED] - Test Cases/HTTPS Redirect - Logged In - Labs: Test Cases/HTTPS Redirect - Logged In - Labs FAILED because (of) Unable to wait for page load (Root cause: org.openqa.selenium.UnhandledAlertException: Modal dialog present: There are unsaved changes on this page.
Build info: version: '3.7.1', revision: '8a0099a', time: '2017-11-06T21:07:36.161Z'
System info: host: 'LAPTOP-70TGMTGG', ip: '192.168.1.134', os.name: 'Windows 10', os.arch: 'amd64', os.version: '10.0', java.version: '1.8.0_102'
Driver info: com.kms.katalon.selenium.driver.CInternetExplorerDriver
Capabilities {acceptInsecureCerts: false, browserName: internet explorer, browserVersion: 11, javascriptEnabled: true, pageLoadStrategy: normal, platform: WINDOWS, platformName: WINDOWS, se:ieOptions: {browserAttachTimeout: 0, elementScrollBehavior: 0, enablePersistentHover: true, ie.browserCommandLineSwitches: , ie.ensureCleanSession: false, ie.fileUploadDialogTimeout: 3000, ie.forceCreateProcessApi: false, ignoreProtectedModeSettings: false, ignoreZoomSetting: false, initialBrowserUrl: http://localhost:39362/, nativeEvents: true, requireWindowFocus: false}, setWindowRect: true}
Session ID: 602c5d72-c282-4632-a6aa-9e7adcc713e9)

2018-02-06 11:18:49 - [TEST_STEP][PASSED] - openBrowser: Browser is opened with url: ''

2018-02-06 11:18:52 - [MESSAGE][PASSED] - Browser is opened with url: ''

2018-02-06 11:18:52 - [TEST_STEP][PASSED] - navigateToUrl: Navigate to 'https://labs.schoolcomms.com/login?ReturnUrl=%2fmessaging' successfully

2018-02-06 11:18:53 - [MESSAGE][PASSED] - Navigate to 'https://labs.schoolcomms.com/login?ReturnUrl=%2fmessaging' successfully

2018-02-06 11:18:53 - [TEST_STEP][PASSED] - doubleClick: Object: 'Object Repository/Page_Login  Schoolcomms/input_Username' is double clicked on

2018-02-06 11:18:54 - [MESSAGE][PASSED] - Object: 'Object Repository/Page_Login  Schoolcomms/input_Username' is double clicked on

2018-02-06 11:18:54 - [TEST_STEP][PASSED] - setText: Text 'Hillier82' is set on object 'Object Repository/Page_Login  Schoolcomms/input_Username'

2018-02-06 11:18:56 - [MESSAGE][PASSED] - Text 'Hillier82' is set on object 'Object Repository/Page_Login  Schoolcomms/input_Username'

2018-02-06 11:18:56 - [TEST_STEP][PASSED] - setText: Text 'Abigail2014' is set on object 'Object Repository/Page_Login  Schoolcomms/input_memorabledata'

2018-02-06 11:18:57 - [MESSAGE][PASSED] - Text 'Abigail2014' is set on object 'Object Repository/Page_Login  Schoolcomms/input_memorabledata'

2018-02-06 11:18:57 - [TEST_STEP][PASSED] - setText: Text 'Isabel2011' is set on object 'Object Repository/Page_Login  Schoolcomms/input_password'

2018-02-06 11:18:58 - [MESSAGE][PASSED] - Text 'Isabel2011' is set on object 'Object Repository/Page_Login  Schoolcomms/input_password'

2018-02-06 11:18:58 - [TEST_STEP][PASSED] - click: Object: 'Object Repository/Page_Login  Schoolcomms/button_LOG IN' is clicked on

2018-02-06 11:19:09 - [MESSAGE][PASSED] - Object: 'Object Repository/Page_Login  Schoolcomms/button_LOG IN' is clicked on

2018-02-06 11:19:09 - [TEST_STEP][PASSED] - navigateToUrl: Navigate to 'http://labs.schoolcomms.com/payments/active' successfully

2018-02-06 11:19:10 - [MESSAGE][PASSED] - Navigate to 'http://labs.schoolcomms.com/payments/active' successfully

2018-02-06 11:19:10 - [TEST_STEP][FAILED] - waitForPageLoad: Unable to wait for page load (Root cause: org.openqa.selenium.UnhandledAlertException: Modal dialog present: There are unsaved changes on this page.
Build info: version: '3.7.1', revision: '8a0099a', time: '2017-11-06T21:07:36.161Z'
System info: host: 'LAPTOP-70TGMTGG', ip: '192.168.1.134', os.name: 'Windows 10', os.arch: 'amd64', os.version: '10.0', java.version: '1.8.0_102'
Driver info: com.kms.katalon.selenium.driver.CInternetExplorerDriver
Capabilities {acceptInsecureCerts: false, browserName: internet explorer, browserVersion: 11, javascriptEnabled: true, pageLoadStrategy: normal, platform: WINDOWS, platformName: WINDOWS, se:ieOptions: {browserAttachTimeout: 0, elementScrollBehavior: 0, enablePersistentHover: true, ie.browserCommandLineSwitches: , ie.ensureCleanSession: false, ie.fileUploadDialogTimeout: 3000, ie.forceCreateProcessApi: false, ignoreProtectedModeSettings: false, ignoreZoomSetting: false, initialBrowserUrl: http://localhost:39362/, nativeEvents: true, requireWindowFocus: false}, setWindowRect: true}
Session ID: 602c5d72-c282-4632-a6aa-9e7adcc713e9)

2018-02-06 11:19:10 - [MESSAGE][WARNING] - Timeout '0' is invalid. Using default page load timeout: '30'

2018-02-06 11:19:11 - [MESSAGE][FAILED] - Unable to wait for page load (Root cause: org.openqa.selenium.UnhandledAlertException: Modal dialog present: There are unsaved changes on this page.
Build info: version: '3.7.1', revision: '8a0099a', time: '2017-11-06T21:07:36.161Z'
System info: host: 'LAPTOP-70TGMTGG', ip: '192.168.1.134', os.name: 'Windows 10', os.arch: 'amd64', os.version: '10.0', java.version: '1.8.0_102'
Driver info: com.kms.katalon.selenium.driver.CInternetExplorerDriver
Capabilities {acceptInsecureCerts: false, browserName: internet explorer, browserVersion: 11, javascriptEnabled: true, pageLoadStrategy: normal, platform: WINDOWS, platformName: WINDOWS, se:ieOptions: {browserAttachTimeout: 0, elementScrollBehavior: 0, enablePersistentHover: true, ie.browserCommandLineSwitches: , ie.ensureCleanSession: false, ie.fileUploadDialogTimeout: 3000, ie.forceCreateProcessApi: false, ignoreProtectedModeSettings: false, ignoreZoomSetting: false, initialBrowserUrl: http://localhost:39362/, nativeEvents: true, requireWindowFocus: false}, setWindowRect: true}
Session ID: 602c5d72-c282-4632-a6aa-9e7adcc713e9)
[[ATTACHMENT|C:\\Users\\AndyHillier\\Desktop\\Katalon\\Release Checks Project\\SOTW Release Checks\\SOTW Release Checks\\Reports\\Release Checks\\20180206_111830\\1517915951610.png]]]]></system-out>
         <system-err><![CDATA[2018-02-06 11:18:48 - [TEST_CASE][FAILED] - Test Cases/HTTPS Redirect - Logged In - Labs: Test Cases/HTTPS Redirect - Logged In - Labs FAILED because (of) Unable to wait for page load (Root cause: org.openqa.selenium.UnhandledAlertException: Modal dialog present: There are unsaved changes on this page.
Build info: version: '3.7.1', revision: '8a0099a', time: '2017-11-06T21:07:36.161Z'
System info: host: 'LAPTOP-70TGMTGG', ip: '192.168.1.134', os.name: 'Windows 10', os.arch: 'amd64', os.version: '10.0', java.version: '1.8.0_102'
Driver info: com.kms.katalon.selenium.driver.CInternetExplorerDriver
Capabilities {acceptInsecureCerts: false, browserName: internet explorer, browserVersion: 11, javascriptEnabled: true, pageLoadStrategy: normal, platform: WINDOWS, platformName: WINDOWS, se:ieOptions: {browserAttachTimeout: 0, elementScrollBehavior: 0, enablePersistentHover: true, ie.browserCommandLineSwitches: , ie.ensureCleanSession: false, ie.fileUploadDialogTimeout: 3000, ie.forceCreateProcessApi: false, ignoreProtectedModeSettings: false, ignoreZoomSetting: false, initialBrowserUrl: http://localhost:39362/, nativeEvents: true, requireWindowFocus: false}, setWindowRect: true}
Session ID: 602c5d72-c282-4632-a6aa-9e7adcc713e9)]]></system-err>
      </testcase>
      <testcase name="Test Cases/Error Page" classname="Test Cases/Error Page" status="PASSED">
         <system-out><![CDATA[2018-02-06 11:19:12 - [TEST_CASE][PASSED] - Test Cases/Error Page: Test Cases/Error Page

2018-02-06 11:19:12 - [TEST_STEP][PASSED] - openBrowser: Browser is opened with url: 'https://labs.schoolcomms.com/payments/;alskdfj'

2018-02-06 11:19:12 - [MESSAGE][WARNING] - A browser is already opened. Closing browser and opening a new one

2018-02-06 11:19:17 - [MESSAGE][PASSED] - Browser is opened with url: 'https://labs.schoolcomms.com/payments/;alskdfj'

2018-02-06 11:19:17 - [TEST_STEP][PASSED] - setText: Text 'SupportJamieGA' is set on object 'Object Repository/Page_Login  Schoolcomms/input_Username'

2018-02-06 11:19:20 - [MESSAGE][PASSED] - Text 'SupportJamieGA' is set on object 'Object Repository/Page_Login  Schoolcomms/input_Username'

2018-02-06 11:19:20 - [TEST_STEP][PASSED] - setText: Text 'Summ3r16' is set on object 'Object Repository/Page_Login  Schoolcomms/input_memorabledata'

2018-02-06 11:19:21 - [MESSAGE][PASSED] - Text 'Summ3r16' is set on object 'Object Repository/Page_Login  Schoolcomms/input_memorabledata'

2018-02-06 11:19:21 - [TEST_STEP][PASSED] - setText: Text 'H0lid4ys' is set on object 'Object Repository/Page_Login  Schoolcomms/input_password'

2018-02-06 11:19:23 - [MESSAGE][PASSED] - Text 'H0lid4ys' is set on object 'Object Repository/Page_Login  Schoolcomms/input_password'

2018-02-06 11:19:23 - [TEST_STEP][PASSED] - click: Object: 'Object Repository/Page_Login  Schoolcomms/button_LOG IN' is clicked on

2018-02-06 11:19:25 - [MESSAGE][PASSED] - Object: 'Object Repository/Page_Login  Schoolcomms/button_LOG IN' is clicked on

2018-02-06 11:19:25 - [TEST_STEP][PASSED] - takeScreenshot: Taking screenshot successfully

2018-02-06 11:19:34 - [MESSAGE][PASSED] - Taking screenshot successfully
[[ATTACHMENT|C:\\Users\\AndyHillier\\Desktop\\Katalon\\Release Checks Project\\SOTW Release Checks\\SOTW Release Checks\\Reports\\Release Checks\\20180206_111830\\/Users/AndyHillier/Desktop/error_page.png]]

2018-02-06 11:19:34 - [TEST_STEP][PASSED] - getUrl: Current window's url is: 'https://labs.schoolcomms.com/payments/login?ReturnUrl=%2fpayments%2f%3balskdfj'

2018-02-06 11:19:34 - [MESSAGE][PASSED] - Current window's url is: 'https://labs.schoolcomms.com/payments/login?ReturnUrl=%2fpayments%2f%3balskdfj']]></system-out>
         <system-err><![CDATA[]]></system-err>
      </testcase>
      <testcase name="Test Cases/HTTPS Redirect - Not Logged In - Labs" classname="Test Cases/HTTPS Redirect - Not Logged In - Labs" status="PASSED">
         <system-out><![CDATA[2018-02-06 11:19:34 - [TEST_CASE][PASSED] - Test Cases/HTTPS Redirect - Not Logged In - Labs: Test Cases/HTTPS Redirect - Not Logged In - Labs

2018-02-06 11:19:34 - [TEST_STEP][PASSED] - openBrowser: Browser is opened with url: 'www.google.co.uk'

2018-02-06 11:19:34 - [MESSAGE][WARNING] - A browser is already opened. Closing browser and opening a new one

2018-02-06 11:19:41 - [MESSAGE][PASSED] - Browser is opened with url: 'www.google.co.uk'

2018-02-06 11:19:41 - [TEST_STEP][PASSED] - navigateToUrl: Navigate to 'http://labs.schoolcomms.com/messaging' successfully

2018-02-06 11:19:42 - [MESSAGE][PASSED] - Navigate to 'http://labs.schoolcomms.com/messaging' successfully

2018-02-06 11:19:42 - [TEST_STEP][PASSED] - waitForPageLoad: Wait for page load successfully

2018-02-06 11:19:42 - [MESSAGE][WARNING] - Timeout '0' is invalid. Using default page load timeout: '30'

2018-02-06 11:19:42 - [MESSAGE][PASSED] - Wait for page load successfully

2018-02-06 11:19:42 - [TEST_STEP][PASSED] - Statement - url = com.kms.katalon.core.webui.keyword.WebUiBuiltInKeywords.getUrl(): Current window's url is: 'https://labs.schoolcomms.com/login?ReturnUrl=%2fmessaging'

2018-02-06 11:19:42 - [MESSAGE][PASSED] - Current window's url is: 'https://labs.schoolcomms.com/login?ReturnUrl=%2fmessaging'

2018-02-06 11:19:42 - [TEST_STEP][PASSED] - verifyEqual: Actual object 'https://labs.schoolcomms.com/login?ReturnUrl=%2fmessaging' and expected object 'https://labs.schoolcomms.com/login?ReturnUrl=%2fmessaging' are equal

2018-02-06 11:19:42 - [MESSAGE][PASSED] - Actual object 'https://labs.schoolcomms.com/login?ReturnUrl=%2fmessaging' and expected object 'https://labs.schoolcomms.com/login?ReturnUrl=%2fmessaging' are equal

2018-02-06 11:19:42 - [TEST_STEP][PASSED] - closeBrowser: Browser is closed

2018-02-06 11:19:43 - [MESSAGE][PASSED] - Browser is closed]]></system-out>
         <system-err><![CDATA[]]></system-err>
      </testcase>
      <testcase name="Test Cases/Remember Me" classname="Test Cases/Remember Me" status="FAILED">
         <failure type="FAILED" message="Unable to verify if object 'Object Repository/Page_Login  Schoolcomms/input_Username' has attribute 'Value' with value '' (Root cause: Object 'Object Repository/Page_Login  Schoolcomms/input_Username' has attribute 'Value' with actual value 'SupportJamieGA' instead of expected value '')"/>
         <system-out><![CDATA[2018-02-06 11:19:43 - [TEST_CASE][FAILED] - Test Cases/Remember Me: Test Cases/Remember Me FAILED because (of) Unable to verify if object 'Object Repository/Page_Login  Schoolcomms/input_Username' has attribute 'Value' with value '' (Root cause: Object 'Object Repository/Page_Login  Schoolcomms/input_Username' has attribute 'Value' with actual value 'SupportJamieGA' instead of expected value '')

2018-02-06 11:19:44 - [TEST_STEP][PASSED] - openBrowser: Browser is opened with url: 'https://labs.schoolcomms.com/payments'

2018-02-06 11:19:48 - [MESSAGE][PASSED] - Browser is opened with url: 'https://labs.schoolcomms.com/payments'

2018-02-06 11:19:48 - [TEST_STEP][PASSED] - setText: Text 'SupportJamieGA' is set on object 'Object Repository/Page_Login  Schoolcomms/input_Username'

2018-02-06 11:19:49 - [MESSAGE][PASSED] - Text 'SupportJamieGA' is set on object 'Object Repository/Page_Login  Schoolcomms/input_Username'

2018-02-06 11:19:49 - [TEST_STEP][PASSED] - setText: Text 'Summ3r16' is set on object 'Object Repository/Page_Login  Schoolcomms/input_memorabledata'

2018-02-06 11:19:51 - [MESSAGE][PASSED] - Text 'Summ3r16' is set on object 'Object Repository/Page_Login  Schoolcomms/input_memorabledata'

2018-02-06 11:19:51 - [TEST_STEP][PASSED] - setText: Text 'H0lid4ys' is set on object 'Object Repository/Page_Login  Schoolcomms/input_password'

2018-02-06 11:19:52 - [MESSAGE][PASSED] - Text 'H0lid4ys' is set on object 'Object Repository/Page_Login  Schoolcomms/input_password'

2018-02-06 11:19:52 - [TEST_STEP][PASSED] - click: Object: 'Object Repository/Page_Login  Schoolcomms/button_LOG IN' is clicked on

2018-02-06 11:19:54 - [MESSAGE][PASSED] - Object: 'Object Repository/Page_Login  Schoolcomms/button_LOG IN' is clicked on

2018-02-06 11:19:54 - [TEST_STEP][PASSED] - click: Object: 'Object Repository/Page_Active Payments  Schoolcomms/div_SupportJamieGA' is clicked on

2018-02-06 11:19:57 - [MESSAGE][PASSED] - Object: 'Object Repository/Page_Active Payments  Schoolcomms/div_SupportJamieGA' is clicked on

2018-02-06 11:19:57 - [TEST_STEP][PASSED] - delay: Delayed 1 second(s)

2018-02-06 11:19:58 - [MESSAGE][PASSED] - Delayed 1 second(s)

2018-02-06 11:19:58 - [TEST_STEP][PASSED] - click: Object: 'Object Repository/Page_Active Payments  Schoolcomms/li_Log out' is clicked on

2018-02-06 11:20:00 - [MESSAGE][PASSED] - Object: 'Object Repository/Page_Active Payments  Schoolcomms/li_Log out' is clicked on

2018-02-06 11:20:00 - [TEST_STEP][FAILED] - verifyElementAttributeValue: Unable to verify if object 'Object Repository/Page_Login  Schoolcomms/input_Username' has attribute 'Value' with value '' (Root cause: Object 'Object Repository/Page_Login  Schoolcomms/input_Username' has attribute 'Value' with actual value 'SupportJamieGA' instead of expected value '')

2018-02-06 11:20:00 - [MESSAGE][WARNING] - Timeout '0' is invalid. Using default page load timeout: '30'

2018-02-06 11:20:06 - [MESSAGE][FAILED] - Object 'Object Repository/Page_Login  Schoolcomms/input_Username' has attribute 'Value' with actual value 'SupportJamieGA' instead of expected value ''
[[ATTACHMENT|C:\\Users\\AndyHillier\\Desktop\\Katalon\\Release Checks Project\\SOTW Release Checks\\SOTW Release Checks\\Reports\\Release Checks\\20180206_111830\\1517916001471.png]]

2018-02-06 11:20:10 - [MESSAGE][FAILED] - Unable to verify if object 'Object Repository/Page_Login  Schoolcomms/input_Username' has attribute 'Value' with value '' (Root cause: Object 'Object Repository/Page_Login  Schoolcomms/input_Username' has attribute 'Value' with actual value 'SupportJamieGA' instead of expected value '')
[[ATTACHMENT|C:\\Users\\AndyHillier\\Desktop\\Katalon\\Release Checks Project\\SOTW Release Checks\\SOTW Release Checks\\Reports\\Release Checks\\20180206_111830\\1517916006367.png]]]]></system-out>
         <system-err><![CDATA[2018-02-06 11:19:43 - [TEST_CASE][FAILED] - Test Cases/Remember Me: Test Cases/Remember Me FAILED because (of) Unable to verify if object 'Object Repository/Page_Login  Schoolcomms/input_Username' has attribute 'Value' with value '' (Root cause: Object 'Object Repository/Page_Login  Schoolcomms/input_Username' has attribute 'Value' with actual value 'SupportJamieGA' instead of expected value '')]]></system-err>
      </testcase>
      <testcase name="Test Cases/HTTPS Redirect - Logged In - LIVE" classname="Test Cases/HTTPS Redirect - Logged In - LIVE" status="FAILED">
         <failure type="FAILED" message="Unable to wait for page load (Root cause: org.openqa.selenium.UnhandledAlertException: Modal dialog present: There are unsaved changes on this page.
Build info: version: '3.7.1', revision: '8a0099a', time: '2017-11-06T21:07:36.161Z'
System info: host: 'LAPTOP-70TGMTGG', ip: '192.168.1.134', os.name: 'Windows 10', os.arch: 'amd64', os.version: '10.0', java.version: '1.8.0_102'
Driver info: com.kms.katalon.selenium.driver.CInternetExplorerDriver
Capabilities {acceptInsecureCerts: false, browserName: internet explorer, browserVersion: 11, javascriptEnabled: true, pageLoadStrategy: normal, platform: WINDOWS, platformName: WINDOWS, se:ieOptions: {browserAttachTimeout: 0, elementScrollBehavior: 0, enablePersistentHover: true, ie.browserCommandLineSwitches: , ie.ensureCleanSession: false, ie.fileUploadDialogTimeout: 3000, ie.forceCreateProcessApi: false, ignoreProtectedModeSettings: false, ignoreZoomSetting: false, initialBrowserUrl: http://localhost:23476/, nativeEvents: true, requireWindowFocus: false}, setWindowRect: true}
Session ID: 1c55c862-5030-4f92-becb-e2c326c714c1)"/>
         <system-out><![CDATA[2018-02-06 11:20:10 - [TEST_CASE][FAILED] - Test Cases/HTTPS Redirect - Logged In - LIVE: Test Cases/HTTPS Redirect - Logged In - LIVE FAILED because (of) Unable to wait for page load (Root cause: org.openqa.selenium.UnhandledAlertException: Modal dialog present: There are unsaved changes on this page.
Build info: version: '3.7.1', revision: '8a0099a', time: '2017-11-06T21:07:36.161Z'
System info: host: 'LAPTOP-70TGMTGG', ip: '192.168.1.134', os.name: 'Windows 10', os.arch: 'amd64', os.version: '10.0', java.version: '1.8.0_102'
Driver info: com.kms.katalon.selenium.driver.CInternetExplorerDriver
Capabilities {acceptInsecureCerts: false, browserName: internet explorer, browserVersion: 11, javascriptEnabled: true, pageLoadStrategy: normal, platform: WINDOWS, platformName: WINDOWS, se:ieOptions: {browserAttachTimeout: 0, elementScrollBehavior: 0, enablePersistentHover: true, ie.browserCommandLineSwitches: , ie.ensureCleanSession: false, ie.fileUploadDialogTimeout: 3000, ie.forceCreateProcessApi: false, ignoreProtectedModeSettings: false, ignoreZoomSetting: false, initialBrowserUrl: http://localhost:23476/, nativeEvents: true, requireWindowFocus: false}, setWindowRect: true}
Session ID: 1c55c862-5030-4f92-becb-e2c326c714c1)

2018-02-06 11:20:10 - [TEST_STEP][PASSED] - openBrowser: Browser is opened with url: ''

2018-02-06 11:20:10 - [MESSAGE][WARNING] - A browser is already opened. Closing browser and opening a new one

2018-02-06 11:20:13 - [MESSAGE][PASSED] - Browser is opened with url: ''

2018-02-06 11:20:13 - [TEST_STEP][PASSED] - navigateToUrl: Navigate to 'https://app.schoolcomms.com/login?ReturnUrl=%2fmessaging' successfully

2018-02-06 11:20:13 - [MESSAGE][PASSED] - Navigate to 'https://app.schoolcomms.com/login?ReturnUrl=%2fmessaging' successfully

2018-02-06 11:20:13 - [TEST_STEP][PASSED] - doubleClick: Object: 'Object Repository/Page_Login  Schoolcomms/input_Username' is double clicked on

2018-02-06 11:20:14 - [MESSAGE][PASSED] - Object: 'Object Repository/Page_Login  Schoolcomms/input_Username' is double clicked on

2018-02-06 11:20:14 - [TEST_STEP][PASSED] - setText: Text 'Hillier82' is set on object 'Object Repository/Page_Login  Schoolcomms/input_Username'

2018-02-06 11:20:15 - [MESSAGE][PASSED] - Text 'Hillier82' is set on object 'Object Repository/Page_Login  Schoolcomms/input_Username'

2018-02-06 11:20:15 - [TEST_STEP][PASSED] - setText: Text 'Abigail2014' is set on object 'Object Repository/Page_Login  Schoolcomms/input_memorabledata'

2018-02-06 11:20:16 - [MESSAGE][PASSED] - Text 'Abigail2014' is set on object 'Object Repository/Page_Login  Schoolcomms/input_memorabledata'

2018-02-06 11:20:16 - [TEST_STEP][PASSED] - setText: Text 'Isabel2011' is set on object 'Object Repository/Page_Login  Schoolcomms/input_password'

2018-02-06 11:20:17 - [MESSAGE][PASSED] - Text 'Isabel2011' is set on object 'Object Repository/Page_Login  Schoolcomms/input_password'

2018-02-06 11:20:17 - [TEST_STEP][PASSED] - click: Object: 'Object Repository/Page_Login  Schoolcomms/button_LOG IN' is clicked on

2018-02-06 11:20:21 - [MESSAGE][PASSED] - Object: 'Object Repository/Page_Login  Schoolcomms/button_LOG IN' is clicked on

2018-02-06 11:20:21 - [TEST_STEP][PASSED] - navigateToUrl: Navigate to 'http://app.schoolcomms.com/payments/active' successfully

2018-02-06 11:20:21 - [MESSAGE][PASSED] - Navigate to 'http://app.schoolcomms.com/payments/active' successfully

2018-02-06 11:20:21 - [TEST_STEP][FAILED] - waitForPageLoad: Unable to wait for page load (Root cause: org.openqa.selenium.UnhandledAlertException: Modal dialog present: There are unsaved changes on this page.
Build info: version: '3.7.1', revision: '8a0099a', time: '2017-11-06T21:07:36.161Z'
System info: host: 'LAPTOP-70TGMTGG', ip: '192.168.1.134', os.name: 'Windows 10', os.arch: 'amd64', os.version: '10.0', java.version: '1.8.0_102'
Driver info: com.kms.katalon.selenium.driver.CInternetExplorerDriver
Capabilities {acceptInsecureCerts: false, browserName: internet explorer, browserVersion: 11, javascriptEnabled: true, pageLoadStrategy: normal, platform: WINDOWS, platformName: WINDOWS, se:ieOptions: {browserAttachTimeout: 0, elementScrollBehavior: 0, enablePersistentHover: true, ie.browserCommandLineSwitches: , ie.ensureCleanSession: false, ie.fileUploadDialogTimeout: 3000, ie.forceCreateProcessApi: false, ignoreProtectedModeSettings: false, ignoreZoomSetting: false, initialBrowserUrl: http://localhost:23476/, nativeEvents: true, requireWindowFocus: false}, setWindowRect: true}
Session ID: 1c55c862-5030-4f92-becb-e2c326c714c1)

2018-02-06 11:20:21 - [MESSAGE][WARNING] - Timeout '0' is invalid. Using default page load timeout: '30'

2018-02-06 11:20:23 - [MESSAGE][FAILED] - Unable to wait for page load (Root cause: org.openqa.selenium.UnhandledAlertException: Modal dialog present: There are unsaved changes on this page.
Build info: version: '3.7.1', revision: '8a0099a', time: '2017-11-06T21:07:36.161Z'
System info: host: 'LAPTOP-70TGMTGG', ip: '192.168.1.134', os.name: 'Windows 10', os.arch: 'amd64', os.version: '10.0', java.version: '1.8.0_102'
Driver info: com.kms.katalon.selenium.driver.CInternetExplorerDriver
Capabilities {acceptInsecureCerts: false, browserName: internet explorer, browserVersion: 11, javascriptEnabled: true, pageLoadStrategy: normal, platform: WINDOWS, platformName: WINDOWS, se:ieOptions: {browserAttachTimeout: 0, elementScrollBehavior: 0, enablePersistentHover: true, ie.browserCommandLineSwitches: , ie.ensureCleanSession: false, ie.fileUploadDialogTimeout: 3000, ie.forceCreateProcessApi: false, ignoreProtectedModeSettings: false, ignoreZoomSetting: false, initialBrowserUrl: http://localhost:23476/, nativeEvents: true, requireWindowFocus: false}, setWindowRect: true}
Session ID: 1c55c862-5030-4f92-becb-e2c326c714c1)
[[ATTACHMENT|C:\\Users\\AndyHillier\\Desktop\\Katalon\\Release Checks Project\\SOTW Release Checks\\SOTW Release Checks\\Reports\\Release Checks\\20180206_111830\\1517916022710.png]]]]></system-out>
         <system-err><![CDATA[2018-02-06 11:20:10 - [TEST_CASE][FAILED] - Test Cases/HTTPS Redirect - Logged In - LIVE: Test Cases/HTTPS Redirect - Logged In - LIVE FAILED because (of) Unable to wait for page load (Root cause: org.openqa.selenium.UnhandledAlertException: Modal dialog present: There are unsaved changes on this page.
Build info: version: '3.7.1', revision: '8a0099a', time: '2017-11-06T21:07:36.161Z'
System info: host: 'LAPTOP-70TGMTGG', ip: '192.168.1.134', os.name: 'Windows 10', os.arch: 'amd64', os.version: '10.0', java.version: '1.8.0_102'
Driver info: com.kms.katalon.selenium.driver.CInternetExplorerDriver
Capabilities {acceptInsecureCerts: false, browserName: internet explorer, browserVersion: 11, javascriptEnabled: true, pageLoadStrategy: normal, platform: WINDOWS, platformName: WINDOWS, se:ieOptions: {browserAttachTimeout: 0, elementScrollBehavior: 0, enablePersistentHover: true, ie.browserCommandLineSwitches: , ie.ensureCleanSession: false, ie.fileUploadDialogTimeout: 3000, ie.forceCreateProcessApi: false, ignoreProtectedModeSettings: false, ignoreZoomSetting: false, initialBrowserUrl: http://localhost:23476/, nativeEvents: true, requireWindowFocus: false}, setWindowRect: true}
Session ID: 1c55c862-5030-4f92-becb-e2c326c714c1)]]></system-err>
      </testcase>
      <system-out><![CDATA[2018-02-06 11:18:35 - [TEST_SUITE][FAILED] - Release Checks: Test Cases/HTTPS Redirect - Logged In - Labs FAILED because (of) Unable to wait for page load (Root cause: org.openqa.selenium.UnhandledAlertException: Modal dialog present: There are unsaved changes on this page.
Build info: version: '3.7.1', revision: '8a0099a', time: '2017-11-06T21:07:36.161Z'
System info: host: 'LAPTOP-70TGMTGG', ip: '192.168.1.134', os.name: 'Windows 10', os.arch: 'amd64', os.version: '10.0', java.version: '1.8.0_102'
Driver info: com.kms.katalon.selenium.driver.CInternetExplorerDriver
Capabilities {acceptInsecureCerts: false, browserName: internet explorer, browserVersion: 11, javascriptEnabled: true, pageLoadStrategy: normal, platform: WINDOWS, platformName: WINDOWS, se:ieOptions: {browserAttachTimeout: 0, elementScrollBehavior: 0, enablePersistentHover: true, ie.browserCommandLineSwitches: , ie.ensureCleanSession: false, ie.fileUploadDialogTimeout: 3000, ie.forceCreateProcessApi: false, ignoreProtectedModeSettings: false, ignoreZoomSetting: false, initialBrowserUrl: http://localhost:39362/, nativeEvents: true, requireWindowFocus: false}, setWindowRect: true}
Session ID: 602c5d72-c282-4632-a6aa-9e7adcc713e9)]]></system-out>
      <system-err><![CDATA[2018-02-06 11:18:35 - [TEST_SUITE][FAILED] - Release Checks: Test Cases/HTTPS Redirect - Logged In - Labs FAILED because (of) Unable to wait for page load (Root cause: org.openqa.selenium.UnhandledAlertException: Modal dialog present: There are unsaved changes on this page.
Build info: version: '3.7.1', revision: '8a0099a', time: '2017-11-06T21:07:36.161Z'
System info: host: 'LAPTOP-70TGMTGG', ip: '192.168.1.134', os.name: 'Windows 10', os.arch: 'amd64', os.version: '10.0', java.version: '1.8.0_102'
Driver info: com.kms.katalon.selenium.driver.CInternetExplorerDriver
Capabilities {acceptInsecureCerts: false, browserName: internet explorer, browserVersion: 11, javascriptEnabled: true, pageLoadStrategy: normal, platform: WINDOWS, platformName: WINDOWS, se:ieOptions: {browserAttachTimeout: 0, elementScrollBehavior: 0, enablePersistentHover: true, ie.browserCommandLineSwitches: , ie.ensureCleanSession: false, ie.fileUploadDialogTimeout: 3000, ie.forceCreateProcessApi: false, ignoreProtectedModeSettings: false, ignoreZoomSetting: false, initialBrowserUrl: http://localhost:39362/, nativeEvents: true, requireWindowFocus: false}, setWindowRect: true}
Session ID: 602c5d72-c282-4632-a6aa-9e7adcc713e9)]]></system-err>
   </testsuite>
</testsuites>
