<?xml version="1.0" encoding="UTF-8"?>
<testsuites name="Release Checks" time="59" tests="7" failures="2" errors="0">
   <testsuite name="Release Checks" tests="7" failures="2" errors="0" time="59" timestamp="2018-02-13 15:21:26" hostname="SchoolComms-Test - schoolcommssair" id="Test Suites/Release Checks">
      <properties>
         <property name="deviceName" value=""/>
         <property name="devicePlatform" value=""/>
         <property name="logFolder" value="/Users/SchoolComms-Test/Documents/GitHub/SCOTWReleaseChecks/Reports/Release Checks/20180213_151942"/>
         <property name="logFiles" value="/Users/SchoolComms-Test/Documents/GitHub/SCOTWReleaseChecks/Reports/Release Checks/20180213_151942/execution0.log"/>
         <property name="attachments" value="/Users/SchoolComms-Test/Documents/GitHub/SCOTWReleaseChecks/Reports/Release Checks/20180213_151942/C:\\\\Windows\\\\Temp\\\\KatalonCaptures\\\\errorpage.png, /Users/SchoolComms-Test/Documents/GitHub/SCOTWReleaseChecks/Reports/Release Checks/20180213_151942/C:\\\\Windows\\\\Temp\\\\KatalonCaptures\\\\No_Pay_Sub_Land_Page.png, /Users/SchoolComms-Test/Documents/GitHub/SCOTWReleaseChecks/Reports/Release Checks/20180213_151942/1518535324372.png, /Users/SchoolComms-Test/Documents/GitHub/SCOTWReleaseChecks/Reports/Release Checks/20180213_151942/C:\\\\Windows\\\\Temp\\\\KatalonCaptures\\\\Create_Bank_Account.png, /Users/SchoolComms-Test/Documents/GitHub/SCOTWReleaseChecks/Reports/Release Checks/20180213_151942/C:\\\\Windows\\\\Temp\\\\KatalonCaptures\\\\Create_Bank_Account.png, /Users/SchoolComms-Test/Documents/GitHub/SCOTWReleaseChecks/Reports/Release Checks/20180213_151942/C:\\\\Windows\\\\Temp\\\\KatalonCaptures\\\\Future_Payment_Landing_Page.png, /Users/SchoolComms-Test/Documents/GitHub/SCOTWReleaseChecks/Reports/Release Checks/20180213_151942/C:\\\\Windows\\\\Temp\\\\KatalonCaptures\\\\SchoolGateway_No_Payment_Showing.png"/>
         <property name="hostName" value="SchoolComms-Test - schoolcommssair"/>
         <property name="os" value="Mac OS X 64bit"/>
         <property name="katalonVersion" value="5.3.0.1"/>
         <property name="browser" value="Chrome 63.0.3239.132"/>
         <property name="hostAddress" value="192.168.0.6"/>
         <property name="sessionId" value="e1733e8c89ae2e990ebbb2863d879b0e"/>
         <property name="seleniumVersion" value="3.7.1"/>
         <property name="proxyInformation" value="ProxyInformation{proxyOption=NO_PROXY, proxyServerType=HTTP, password=, proxyServerAddress=, proxyServerPort=0}"/>
         <property name="platform" value="Mac OS X"/>
      </properties>
      <testcase name="Test Cases/OTW - Step 1 - Error Page" classname="Test Cases/OTW - Step 1 - Error Page" status="PASSED">
         <system-out><![CDATA[2018-02-13 15:21:27 - [TEST_CASE][PASSED] - Test Cases/OTW - Step 1 - Error Page: Test Cases/OTW - Step 1 - Error Page

2018-02-13 15:21:27 - [TEST_STEP][PASSED] - openBrowser: Browser is opened with url: 'https://labs.schoolcomms.com/payments/;alskdfj'

2018-02-13 15:21:32 - [MESSAGE][PASSED] - Browser is opened with url: 'https://labs.schoolcomms.com/payments/;alskdfj'

2018-02-13 15:21:32 - [TEST_STEP][PASSED] - setText: Text 'SupportJamieGA' is set on object 'Object Repository/Page_Login  Schoolcomms/input_Username'

2018-02-13 15:21:33 - [MESSAGE][PASSED] - Text 'SupportJamieGA' is set on object 'Object Repository/Page_Login  Schoolcomms/input_Username'

2018-02-13 15:21:33 - [TEST_STEP][PASSED] - setText: Text 'Summ3r16' is set on object 'Object Repository/Page_Login  Schoolcomms/input_memorabledata'

2018-02-13 15:21:33 - [MESSAGE][PASSED] - Text 'Summ3r16' is set on object 'Object Repository/Page_Login  Schoolcomms/input_memorabledata'

2018-02-13 15:21:33 - [TEST_STEP][PASSED] - setText: Text 'H0lid4ys' is set on object 'Object Repository/Page_Login  Schoolcomms/input_password'

2018-02-13 15:21:33 - [MESSAGE][PASSED] - Text 'H0lid4ys' is set on object 'Object Repository/Page_Login  Schoolcomms/input_password'

2018-02-13 15:21:33 - [TEST_STEP][PASSED] - click: Object: 'Object Repository/Page_Login  Schoolcomms/button_LOG IN' is clicked on

2018-02-13 15:21:34 - [MESSAGE][PASSED] - Object: 'Object Repository/Page_Login  Schoolcomms/button_LOG IN' is clicked on

2018-02-13 15:21:34 - [TEST_STEP][PASSED] - takeScreenshot: Taking screenshot successfully

2018-02-13 15:21:34 - [MESSAGE][PASSED] - Taking screenshot successfully
[[ATTACHMENT|/Users/SchoolComms-Test/Documents/GitHub/SCOTWReleaseChecks/Reports/Release Checks/20180213_151942/C:\\\\Windows\\\\Temp\\\\KatalonCaptures\\\\errorpage.png]]

2018-02-13 15:21:34 - [TEST_STEP][PASSED] - getUrl: Current window's url is: 'https://labs.schoolcomms.com/payments/;alskdfj'

2018-02-13 15:21:34 - [MESSAGE][PASSED] - Current window's url is: 'https://labs.schoolcomms.com/payments/;alskdfj']]></system-out>
         <system-err><![CDATA[]]></system-err>
      </testcase>
      <testcase name="Test Cases/OTW - HTTPS Redirect - Step 1- Not Logged In - Labs" classname="Test Cases/OTW - HTTPS Redirect - Step 1- Not Logged In - Labs" status="PASSED">
         <system-out><![CDATA[2018-02-13 15:21:34 - [TEST_CASE][PASSED] - Test Cases/OTW - HTTPS Redirect - Step 1- Not Logged In - Labs: Test Cases/OTW - HTTPS Redirect - Step 1- Not Logged In - Labs

2018-02-13 15:21:35 - [TEST_STEP][PASSED] - openBrowser: Browser is opened with url: 'www.google.co.uk'

2018-02-13 15:21:35 - [MESSAGE][WARNING] - A browser is already opened. Closing browser and opening a new one

2018-02-13 15:21:38 - [MESSAGE][PASSED] - Browser is opened with url: 'www.google.co.uk'

2018-02-13 15:21:38 - [TEST_STEP][PASSED] - navigateToUrl: Navigate to 'http://labs.schoolcomms.com/messaging' successfully

2018-02-13 15:21:41 - [MESSAGE][PASSED] - Navigate to 'http://labs.schoolcomms.com/messaging' successfully

2018-02-13 15:21:41 - [TEST_STEP][PASSED] - waitForPageLoad: Wait for page load successfully

2018-02-13 15:21:41 - [MESSAGE][WARNING] - Timeout '0' is invalid. Using default page load timeout: '30'

2018-02-13 15:21:41 - [MESSAGE][PASSED] - Wait for page load successfully

2018-02-13 15:21:41 - [TEST_STEP][PASSED] - Statement - url = com.kms.katalon.core.webui.keyword.WebUiBuiltInKeywords.getUrl(): Current window's url is: 'https://labs.schoolcomms.com/login?ReturnUrl=%2fmessaging'

2018-02-13 15:21:41 - [MESSAGE][PASSED] - Current window's url is: 'https://labs.schoolcomms.com/login?ReturnUrl=%2fmessaging'

2018-02-13 15:21:41 - [TEST_STEP][PASSED] - verifyEqual: Actual object 'https://labs.schoolcomms.com/login?ReturnUrl=%2fmessaging' and expected object 'https://labs.schoolcomms.com/login?ReturnUrl=%2fmessaging' are equal

2018-02-13 15:21:41 - [MESSAGE][PASSED] - Actual object 'https://labs.schoolcomms.com/login?ReturnUrl=%2fmessaging' and expected object 'https://labs.schoolcomms.com/login?ReturnUrl=%2fmessaging' are equal

2018-02-13 15:21:41 - [TEST_STEP][PASSED] - closeBrowser: Browser is closed

2018-02-13 15:21:41 - [MESSAGE][PASSED] - Browser is closed]]></system-out>
         <system-err><![CDATA[]]></system-err>
      </testcase>
      <testcase name="Test Cases/OTW - HTTPS Redirect - Step 2- Logged In - Labs" classname="Test Cases/OTW - HTTPS Redirect - Step 2- Logged In - Labs" status="PASSED">
         <system-out><![CDATA[2018-02-13 15:21:41 - [TEST_CASE][PASSED] - Test Cases/OTW - HTTPS Redirect - Step 2- Logged In - Labs: Test Cases/OTW - HTTPS Redirect - Step 2- Logged In - Labs

2018-02-13 15:21:42 - [TEST_STEP][PASSED] - openBrowser: Browser is opened with url: ''

2018-02-13 15:21:43 - [MESSAGE][PASSED] - Browser is opened with url: ''

2018-02-13 15:21:43 - [TEST_STEP][PASSED] - navigateToUrl: Navigate to 'https://labs.schoolcomms.com/login?ReturnUrl=%2fmessaging' successfully

2018-02-13 15:21:44 - [MESSAGE][PASSED] - Navigate to 'https://labs.schoolcomms.com/login?ReturnUrl=%2fmessaging' successfully

2018-02-13 15:21:44 - [TEST_STEP][PASSED] - doubleClick: Object: 'Object Repository/Page_Login  Schoolcomms/input_Username' is double clicked on

2018-02-13 15:21:45 - [MESSAGE][PASSED] - Object: 'Object Repository/Page_Login  Schoolcomms/input_Username' is double clicked on

2018-02-13 15:21:45 - [TEST_STEP][PASSED] - setText: Text 'Hillier82' is set on object 'Object Repository/Page_Login  Schoolcomms/input_Username'

2018-02-13 15:21:45 - [MESSAGE][PASSED] - Text 'Hillier82' is set on object 'Object Repository/Page_Login  Schoolcomms/input_Username'

2018-02-13 15:21:45 - [TEST_STEP][PASSED] - setText: Text 'Abigail2014' is set on object 'Object Repository/Page_Login  Schoolcomms/input_memorabledata'

2018-02-13 15:21:45 - [MESSAGE][PASSED] - Text 'Abigail2014' is set on object 'Object Repository/Page_Login  Schoolcomms/input_memorabledata'

2018-02-13 15:21:45 - [TEST_STEP][PASSED] - setText: Text 'Isabel2011' is set on object 'Object Repository/Page_Login  Schoolcomms/input_password'

2018-02-13 15:21:46 - [MESSAGE][PASSED] - Text 'Isabel2011' is set on object 'Object Repository/Page_Login  Schoolcomms/input_password'

2018-02-13 15:21:46 - [TEST_STEP][PASSED] - click: Object: 'Object Repository/Page_Login  Schoolcomms/button_LOG IN' is clicked on

2018-02-13 15:21:48 - [MESSAGE][PASSED] - Object: 'Object Repository/Page_Login  Schoolcomms/button_LOG IN' is clicked on

2018-02-13 15:21:48 - [TEST_STEP][PASSED] - navigateToUrl: Navigate to 'http://labs.schoolcomms.com/payments/active' successfully

2018-02-13 15:21:50 - [MESSAGE][PASSED] - Navigate to 'http://labs.schoolcomms.com/payments/active' successfully

2018-02-13 15:21:50 - [TEST_STEP][PASSED] - waitForPageLoad: Wait for page load successfully

2018-02-13 15:21:50 - [MESSAGE][WARNING] - Timeout '0' is invalid. Using default page load timeout: '30'

2018-02-13 15:21:50 - [MESSAGE][PASSED] - Wait for page load successfully

2018-02-13 15:21:50 - [TEST_STEP][PASSED] - Statement - url = com.kms.katalon.core.webui.keyword.WebUiBuiltInKeywords.getUrl(): Current window's url is: 'https://labs.schoolcomms.com/payments/active'

2018-02-13 15:21:50 - [MESSAGE][PASSED] - Current window's url is: 'https://labs.schoolcomms.com/payments/active'

2018-02-13 15:21:50 - [TEST_STEP][PASSED] - verifyEqual: Actual object 'https://labs.schoolcomms.com/payments/active' and expected object 'https://labs.schoolcomms.com/payments/active' are equal

2018-02-13 15:21:50 - [MESSAGE][PASSED] - Actual object 'https://labs.schoolcomms.com/payments/active' and expected object 'https://labs.schoolcomms.com/payments/active' are equal

2018-02-13 15:21:50 - [TEST_STEP][PASSED] - closeBrowser: Browser is closed

2018-02-13 15:21:50 - [MESSAGE][PASSED] - Browser is closed]]></system-out>
         <system-err><![CDATA[]]></system-err>
      </testcase>
      <testcase name="Test Cases/OTW - Login_Logout - Remember Me" classname="Test Cases/OTW - Login_Logout - Remember Me" status="PASSED">
         <system-out><![CDATA[2018-02-13 15:21:50 - [TEST_CASE][PASSED] - Test Cases/OTW - Login_Logout - Remember Me: Test Cases/OTW - Login_Logout - Remember Me

2018-02-13 15:21:50 - [TEST_STEP][PASSED] - openBrowser: Browser is opened with url: 'https://labs.schoolcomms.com/payments'

2018-02-13 15:21:53 - [MESSAGE][PASSED] - Browser is opened with url: 'https://labs.schoolcomms.com/payments'

2018-02-13 15:21:53 - [TEST_STEP][PASSED] - setText: Text 'SupportJamieGA' is set on object 'Object Repository/Page_Login  Schoolcomms/input_Username'

2018-02-13 15:21:53 - [MESSAGE][PASSED] - Text 'SupportJamieGA' is set on object 'Object Repository/Page_Login  Schoolcomms/input_Username'

2018-02-13 15:21:53 - [TEST_STEP][PASSED] - setText: Text 'Summ3r16' is set on object 'Object Repository/Page_Login  Schoolcomms/input_memorabledata'

2018-02-13 15:21:53 - [MESSAGE][PASSED] - Text 'Summ3r16' is set on object 'Object Repository/Page_Login  Schoolcomms/input_memorabledata'

2018-02-13 15:21:53 - [TEST_STEP][PASSED] - setText: Text 'H0lid4ys' is set on object 'Object Repository/Page_Login  Schoolcomms/input_password'

2018-02-13 15:21:53 - [MESSAGE][PASSED] - Text 'H0lid4ys' is set on object 'Object Repository/Page_Login  Schoolcomms/input_password'

2018-02-13 15:21:53 - [TEST_STEP][PASSED] - click: Object: 'Object Repository/Page_Login  Schoolcomms/button_LOG IN' is clicked on

2018-02-13 15:21:55 - [MESSAGE][PASSED] - Object: 'Object Repository/Page_Login  Schoolcomms/button_LOG IN' is clicked on

2018-02-13 15:21:55 - [TEST_STEP][PASSED] - click: Object: 'Object Repository/Page_Active Payments  Schoolcomms/div_SupportJamieGA' is clicked on

2018-02-13 15:21:55 - [MESSAGE][PASSED] - Object: 'Object Repository/Page_Active Payments  Schoolcomms/div_SupportJamieGA' is clicked on

2018-02-13 15:21:55 - [TEST_STEP][PASSED] - delay: Delayed 1 second(s)

2018-02-13 15:21:56 - [MESSAGE][PASSED] - Delayed 1 second(s)

2018-02-13 15:21:56 - [TEST_STEP][PASSED] - click: Object: 'Object Repository/Page_Active Payments  Schoolcomms/li_Log out' is clicked on

2018-02-13 15:21:56 - [MESSAGE][PASSED] - Object: 'Object Repository/Page_Active Payments  Schoolcomms/li_Log out' is clicked on

2018-02-13 15:21:56 - [TEST_STEP][PASSED] - verifyElementAttributeValue: Object 'Object Repository/Page_Login  Schoolcomms/input_Username' has attribute 'Value' with value ''

2018-02-13 15:21:56 - [MESSAGE][WARNING] - Timeout '0' is invalid. Using default page load timeout: '30'

2018-02-13 15:21:56 - [MESSAGE][PASSED] - Object 'Object Repository/Page_Login  Schoolcomms/input_Username' has attribute 'Value' with value ''

2018-02-13 15:21:56 - [TEST_STEP][PASSED] - setText: Text 'SupportJamieGA' is set on object 'Object Repository/Page_Login  Schoolcomms/input_Username'

2018-02-13 15:21:57 - [MESSAGE][PASSED] - Text 'SupportJamieGA' is set on object 'Object Repository/Page_Login  Schoolcomms/input_Username'

2018-02-13 15:21:57 - [TEST_STEP][PASSED] - setText: Text 'Summ3r16' is set on object 'Object Repository/Page_Login  Schoolcomms/input_memorabledata'

2018-02-13 15:21:57 - [MESSAGE][PASSED] - Text 'Summ3r16' is set on object 'Object Repository/Page_Login  Schoolcomms/input_memorabledata'

2018-02-13 15:21:57 - [TEST_STEP][PASSED] - setText: Text 'H0lid4ys' is set on object 'Object Repository/Page_Login  Schoolcomms/input_password'

2018-02-13 15:21:57 - [MESSAGE][PASSED] - Text 'H0lid4ys' is set on object 'Object Repository/Page_Login  Schoolcomms/input_password'

2018-02-13 15:21:57 - [TEST_STEP][PASSED] - click: Object: 'Object Repository/Page_Login  Schoolcomms/i_fa fa-square-o' is clicked on

2018-02-13 15:21:57 - [MESSAGE][PASSED] - Object: 'Object Repository/Page_Login  Schoolcomms/i_fa fa-square-o' is clicked on

2018-02-13 15:21:57 - [TEST_STEP][PASSED] - click: Object: 'Object Repository/Page_Login  Schoolcomms/button_LOG IN' is clicked on

2018-02-13 15:21:58 - [MESSAGE][PASSED] - Object: 'Object Repository/Page_Login  Schoolcomms/button_LOG IN' is clicked on

2018-02-13 15:21:58 - [TEST_STEP][PASSED] - click: Object: 'Object Repository/Page_Active Payments  Schoolcomms/div_SupportJamieGA' is clicked on

2018-02-13 15:21:58 - [MESSAGE][PASSED] - Object: 'Object Repository/Page_Active Payments  Schoolcomms/div_SupportJamieGA' is clicked on

2018-02-13 15:21:58 - [TEST_STEP][PASSED] - delay: Delayed 1 second(s)

2018-02-13 15:21:59 - [MESSAGE][PASSED] - Delayed 1 second(s)

2018-02-13 15:21:59 - [TEST_STEP][PASSED] - click: Object: 'Object Repository/Page_Active Payments  Schoolcomms/li_Log out' is clicked on

2018-02-13 15:21:59 - [MESSAGE][PASSED] - Object: 'Object Repository/Page_Active Payments  Schoolcomms/li_Log out' is clicked on

2018-02-13 15:21:59 - [TEST_STEP][PASSED] - verifyElementAttributeValue: Object 'Object Repository/Page_Login  Schoolcomms/input_Username' has attribute 'Value' with value 'SupportJamieGA'

2018-02-13 15:21:59 - [MESSAGE][WARNING] - Timeout '0' is invalid. Using default page load timeout: '30'

2018-02-13 15:21:59 - [MESSAGE][PASSED] - Object 'Object Repository/Page_Login  Schoolcomms/input_Username' has attribute 'Value' with value 'SupportJamieGA']]></system-out>
         <system-err><![CDATA[]]></system-err>
      </testcase>
      <testcase name="Test Cases/POTW - Landing Pages - Step 1 - No payment Subscription landing page" classname="Test Cases/POTW - Landing Pages - Step 1 - No payment Subscription landing page" status="FAILED">
         <failure type="FAILED" message="Unable to click on object 'Object Repository/Page_Payments  Schoolcomms (1)/li_Clubs' (Root cause: org.openqa.selenium.WebDriverException: unknown error: Element is not clickable at point (-14, 122)
  (Session info: chrome=63.0.3239.132)
  (Driver info: chromedriver=2.35.528157 (4429ca2590d6988c0745c24c8858745aaaec01ef),platform=Mac OS X 10.13.3 x86_64) (WARNING: The server did not provide any stacktrace information)
Command duration or timeout: 0 milliseconds
Build info: version: '3.7.1', revision: '8a0099a', time: '2017-11-06T21:07:36.161Z'
System info: host: 'SchoolCommssAir', ip: '2a02:c7f:7002:5a00:1989:f627:a537:14b3', os.name: 'Mac OS X', os.arch: 'x86_64', os.version: '10.13.3', java.version: '1.8.0_102'
Driver info: com.kms.katalon.selenium.driver.CChromeDriver
Capabilities {acceptInsecureCerts: false, acceptSslCerts: false, applicationCacheEnabled: false, browserConnectionEnabled: false, browserName: chrome, chrome: {chromedriverVersion: 2.35.528157 (4429ca2590d698..., userDataDir: /var/folders/g7/7095ctfn785...}, cssSelectorsEnabled: true, databaseEnabled: false, handlesAlerts: true, hasTouchScreen: false, javascriptEnabled: true, locationContextEnabled: true, mobileEmulationEnabled: false, nativeEvents: true, networkConnectionEnabled: false, pageLoadStrategy: normal, platform: MAC, platformName: MAC, rotatable: false, setWindowRect: true, takesHeapSnapshot: true, takesScreenshot: true, unexpectedAlertBehaviour: , unhandledPromptBehavior: , version: 63.0.3239.132, webStorageEnabled: true}
Session ID: 4c80bb86fe0a19f612f4db51b57b3387)"/>
         <system-out><![CDATA[2018-02-13 15:21:59 - [TEST_CASE][FAILED] - Test Cases/POTW - Landing Pages - Step 1 - No payment Subscription landing page: Test Cases/POTW - Landing Pages - Step 1 - No payment Subscription landing page FAILED because (of) Unable to click on object 'Object Repository/Page_Payments  Schoolcomms (1)/li_Clubs' (Root cause: org.openqa.selenium.WebDriverException: unknown error: Element is not clickable at point (-14, 122)
  (Session info: chrome=63.0.3239.132)
  (Driver info: chromedriver=2.35.528157 (4429ca2590d6988c0745c24c8858745aaaec01ef),platform=Mac OS X 10.13.3 x86_64) (WARNING: The server did not provide any stacktrace information)
Command duration or timeout: 0 milliseconds
Build info: version: '3.7.1', revision: '8a0099a', time: '2017-11-06T21:07:36.161Z'
System info: host: 'SchoolCommssAir', ip: '2a02:c7f:7002:5a00:1989:f627:a537:14b3', os.name: 'Mac OS X', os.arch: 'x86_64', os.version: '10.13.3', java.version: '1.8.0_102'
Driver info: com.kms.katalon.selenium.driver.CChromeDriver
Capabilities {acceptInsecureCerts: false, acceptSslCerts: false, applicationCacheEnabled: false, browserConnectionEnabled: false, browserName: chrome, chrome: {chromedriverVersion: 2.35.528157 (4429ca2590d698..., userDataDir: /var/folders/g7/7095ctfn785...}, cssSelectorsEnabled: true, databaseEnabled: false, handlesAlerts: true, hasTouchScreen: false, javascriptEnabled: true, locationContextEnabled: true, mobileEmulationEnabled: false, nativeEvents: true, networkConnectionEnabled: false, pageLoadStrategy: normal, platform: MAC, platformName: MAC, rotatable: false, setWindowRect: true, takesHeapSnapshot: true, takesScreenshot: true, unexpectedAlertBehaviour: , unhandledPromptBehavior: , version: 63.0.3239.132, webStorageEnabled: true}
Session ID: 4c80bb86fe0a19f612f4db51b57b3387)

2018-02-13 15:21:59 - [TEST_STEP][PASSED] - openBrowser: Browser is opened with url: ''

2018-02-13 15:21:59 - [MESSAGE][WARNING] - A browser is already opened. Closing browser and opening a new one

2018-02-13 15:22:00 - [MESSAGE][PASSED] - Browser is opened with url: ''

2018-02-13 15:22:00 - [TEST_STEP][PASSED] - navigateToUrl: Navigate to 'https://labs.schoolcomms.com/payments/login' successfully

2018-02-13 15:22:02 - [MESSAGE][PASSED] - Navigate to 'https://labs.schoolcomms.com/payments/login' successfully

2018-02-13 15:22:02 - [TEST_STEP][PASSED] - setText: Text 'SCATNPMUA' is set on object 'Object Repository/Page_Login  Schoolcomms (1)/input_Username'

2018-02-13 15:22:02 - [MESSAGE][PASSED] - Text 'SCATNPMUA' is set on object 'Object Repository/Page_Login  Schoolcomms (1)/input_Username'

2018-02-13 15:22:02 - [TEST_STEP][PASSED] - setText: Text 'Summer2018' is set on object 'Object Repository/Page_Login  Schoolcomms (1)/input_memorabledata'

2018-02-13 15:22:02 - [MESSAGE][PASSED] - Text 'Summer2018' is set on object 'Object Repository/Page_Login  Schoolcomms (1)/input_memorabledata'

2018-02-13 15:22:02 - [TEST_STEP][PASSED] - setText: Text 'Summer2019' is set on object 'Object Repository/Page_Login  Schoolcomms (1)/input_password'

2018-02-13 15:22:02 - [MESSAGE][PASSED] - Text 'Summer2019' is set on object 'Object Repository/Page_Login  Schoolcomms (1)/input_password'

2018-02-13 15:22:02 - [TEST_STEP][PASSED] - click: Object: 'Object Repository/Page_Login  Schoolcomms (1)/button_LOG IN' is clicked on

2018-02-13 15:22:03 - [MESSAGE][PASSED] - Object: 'Object Repository/Page_Login  Schoolcomms (1)/button_LOG IN' is clicked on

2018-02-13 15:22:03 - [TEST_STEP][PASSED] - Statement - url = com.kms.katalon.core.webui.keyword.WebUiBuiltInKeywords.getUrl(): Current window's url is: 'https://labs.schoolcomms.com/payments/'

2018-02-13 15:22:03 - [MESSAGE][PASSED] - Current window's url is: 'https://labs.schoolcomms.com/payments/'

2018-02-13 15:22:03 - [TEST_STEP][PASSED] - verifyEqual: Actual object 'https://labs.schoolcomms.com/payments/' and expected object 'https://labs.schoolcomms.com/payments/' are equal

2018-02-13 15:22:03 - [MESSAGE][PASSED] - Actual object 'https://labs.schoolcomms.com/payments/' and expected object 'https://labs.schoolcomms.com/payments/' are equal

2018-02-13 15:22:03 - [TEST_STEP][PASSED] - takeScreenshot: Taking screenshot successfully

2018-02-13 15:22:04 - [MESSAGE][PASSED] - Taking screenshot successfully
[[ATTACHMENT|/Users/SchoolComms-Test/Documents/GitHub/SCOTWReleaseChecks/Reports/Release Checks/20180213_151942/C:\\\\Windows\\\\Temp\\\\KatalonCaptures\\\\No_Pay_Sub_Land_Page.png]]

2018-02-13 15:22:04 - [TEST_STEP][PASSED] - click: Object: 'Object Repository/Page_Payments  Schoolcomms (1)/div_menu-toggle' is clicked on

2018-02-13 15:22:04 - [MESSAGE][PASSED] - Object: 'Object Repository/Page_Payments  Schoolcomms (1)/div_menu-toggle' is clicked on

2018-02-13 15:22:04 - [TEST_STEP][FAILED] - click: Unable to click on object 'Object Repository/Page_Payments  Schoolcomms (1)/li_Clubs' (Root cause: org.openqa.selenium.WebDriverException: unknown error: Element is not clickable at point (-14, 122)
  (Session info: chrome=63.0.3239.132)
  (Driver info: chromedriver=2.35.528157 (4429ca2590d6988c0745c24c8858745aaaec01ef),platform=Mac OS X 10.13.3 x86_64) (WARNING: The server did not provide any stacktrace information)
Command duration or timeout: 0 milliseconds
Build info: version: '3.7.1', revision: '8a0099a', time: '2017-11-06T21:07:36.161Z'
System info: host: 'SchoolCommssAir', ip: '2a02:c7f:7002:5a00:1989:f627:a537:14b3', os.name: 'Mac OS X', os.arch: 'x86_64', os.version: '10.13.3', java.version: '1.8.0_102'
Driver info: com.kms.katalon.selenium.driver.CChromeDriver
Capabilities {acceptInsecureCerts: false, acceptSslCerts: false, applicationCacheEnabled: false, browserConnectionEnabled: false, browserName: chrome, chrome: {chromedriverVersion: 2.35.528157 (4429ca2590d698..., userDataDir: /var/folders/g7/7095ctfn785...}, cssSelectorsEnabled: true, databaseEnabled: false, handlesAlerts: true, hasTouchScreen: false, javascriptEnabled: true, locationContextEnabled: true, mobileEmulationEnabled: false, nativeEvents: true, networkConnectionEnabled: false, pageLoadStrategy: normal, platform: MAC, platformName: MAC, rotatable: false, setWindowRect: true, takesHeapSnapshot: true, takesScreenshot: true, unexpectedAlertBehaviour: , unhandledPromptBehavior: , version: 63.0.3239.132, webStorageEnabled: true}
Session ID: 4c80bb86fe0a19f612f4db51b57b3387)

2018-02-13 15:22:04 - [MESSAGE][FAILED] - Unable to click on object 'Object Repository/Page_Payments  Schoolcomms (1)/li_Clubs' (Root cause: org.openqa.selenium.WebDriverException: unknown error: Element is not clickable at point (-14, 122)
  (Session info: chrome=63.0.3239.132)
  (Driver info: chromedriver=2.35.528157 (4429ca2590d6988c0745c24c8858745aaaec01ef),platform=Mac OS X 10.13.3 x86_64) (WARNING: The server did not provide any stacktrace information)
Command duration or timeout: 0 milliseconds
Build info: version: '3.7.1', revision: '8a0099a', time: '2017-11-06T21:07:36.161Z'
System info: host: 'SchoolCommssAir', ip: '2a02:c7f:7002:5a00:1989:f627:a537:14b3', os.name: 'Mac OS X', os.arch: 'x86_64', os.version: '10.13.3', java.version: '1.8.0_102'
Driver info: com.kms.katalon.selenium.driver.CChromeDriver
Capabilities {acceptInsecureCerts: false, acceptSslCerts: false, applicationCacheEnabled: false, browserConnectionEnabled: false, browserName: chrome, chrome: {chromedriverVersion: 2.35.528157 (4429ca2590d698..., userDataDir: /var/folders/g7/7095ctfn785...}, cssSelectorsEnabled: true, databaseEnabled: false, handlesAlerts: true, hasTouchScreen: false, javascriptEnabled: true, locationContextEnabled: true, mobileEmulationEnabled: false, nativeEvents: true, networkConnectionEnabled: false, pageLoadStrategy: normal, platform: MAC, platformName: MAC, rotatable: false, setWindowRect: true, takesHeapSnapshot: true, takesScreenshot: true, unexpectedAlertBehaviour: , unhandledPromptBehavior: , version: 63.0.3239.132, webStorageEnabled: true}
Session ID: 4c80bb86fe0a19f612f4db51b57b3387)
[[ATTACHMENT|/Users/SchoolComms-Test/Documents/GitHub/SCOTWReleaseChecks/Reports/Release Checks/20180213_151942/1518535324372.png]]]]></system-out>
         <system-err><![CDATA[2018-02-13 15:21:59 - [TEST_CASE][FAILED] - Test Cases/POTW - Landing Pages - Step 1 - No payment Subscription landing page: Test Cases/POTW - Landing Pages - Step 1 - No payment Subscription landing page FAILED because (of) Unable to click on object 'Object Repository/Page_Payments  Schoolcomms (1)/li_Clubs' (Root cause: org.openqa.selenium.WebDriverException: unknown error: Element is not clickable at point (-14, 122)
  (Session info: chrome=63.0.3239.132)
  (Driver info: chromedriver=2.35.528157 (4429ca2590d6988c0745c24c8858745aaaec01ef),platform=Mac OS X 10.13.3 x86_64) (WARNING: The server did not provide any stacktrace information)
Command duration or timeout: 0 milliseconds
Build info: version: '3.7.1', revision: '8a0099a', time: '2017-11-06T21:07:36.161Z'
System info: host: 'SchoolCommssAir', ip: '2a02:c7f:7002:5a00:1989:f627:a537:14b3', os.name: 'Mac OS X', os.arch: 'x86_64', os.version: '10.13.3', java.version: '1.8.0_102'
Driver info: com.kms.katalon.selenium.driver.CChromeDriver
Capabilities {acceptInsecureCerts: false, acceptSslCerts: false, applicationCacheEnabled: false, browserConnectionEnabled: false, browserName: chrome, chrome: {chromedriverVersion: 2.35.528157 (4429ca2590d698..., userDataDir: /var/folders/g7/7095ctfn785...}, cssSelectorsEnabled: true, databaseEnabled: false, handlesAlerts: true, hasTouchScreen: false, javascriptEnabled: true, locationContextEnabled: true, mobileEmulationEnabled: false, nativeEvents: true, networkConnectionEnabled: false, pageLoadStrategy: normal, platform: MAC, platformName: MAC, rotatable: false, setWindowRect: true, takesHeapSnapshot: true, takesScreenshot: true, unexpectedAlertBehaviour: , unhandledPromptBehavior: , version: 63.0.3239.132, webStorageEnabled: true}
Session ID: 4c80bb86fe0a19f612f4db51b57b3387)]]></system-err>
      </testcase>
      <testcase name="Test Cases/POTW - Landing Pages - Step 2- Create Bank Account Landing Page" classname="Test Cases/POTW - Landing Pages - Step 2- Create Bank Account Landing Page" status="PASSED">
         <system-out><![CDATA[2018-02-13 15:22:04 - [TEST_CASE][PASSED] - Test Cases/POTW - Landing Pages - Step 2- Create Bank Account Landing Page: Test Cases/POTW - Landing Pages - Step 2- Create Bank Account Landing Page

2018-02-13 15:22:04 - [TEST_STEP][PASSED] - openBrowser: Browser is opened with url: ''

2018-02-13 15:22:04 - [MESSAGE][WARNING] - A browser is already opened. Closing browser and opening a new one

2018-02-13 15:22:06 - [MESSAGE][PASSED] - Browser is opened with url: ''

2018-02-13 15:22:06 - [TEST_STEP][PASSED] - navigateToUrl: Navigate to 'https://labs.schoolcomms.com/payments/login' successfully

2018-02-13 15:22:07 - [MESSAGE][PASSED] - Navigate to 'https://labs.schoolcomms.com/payments/login' successfully

2018-02-13 15:22:07 - [TEST_STEP][PASSED] - setText: Text 'SCATPMUA' is set on object 'Object Repository/Page_Login  Schoolcomms (1)/input_Username'

2018-02-13 15:22:08 - [MESSAGE][PASSED] - Text 'SCATPMUA' is set on object 'Object Repository/Page_Login  Schoolcomms (1)/input_Username'

2018-02-13 15:22:08 - [TEST_STEP][PASSED] - setText: Text 'Summer2018' is set on object 'Object Repository/Page_Login  Schoolcomms (1)/input_memorabledata'

2018-02-13 15:22:08 - [MESSAGE][PASSED] - Text 'Summer2018' is set on object 'Object Repository/Page_Login  Schoolcomms (1)/input_memorabledata'

2018-02-13 15:22:08 - [TEST_STEP][PASSED] - setText: Text 'Summer2019' is set on object 'Object Repository/Page_Login  Schoolcomms (1)/input_password'

2018-02-13 15:22:08 - [MESSAGE][PASSED] - Text 'Summer2019' is set on object 'Object Repository/Page_Login  Schoolcomms (1)/input_password'

2018-02-13 15:22:08 - [TEST_STEP][PASSED] - click: Object: 'Object Repository/Page_Login  Schoolcomms (1)/button_LOG IN' is clicked on

2018-02-13 15:22:09 - [MESSAGE][PASSED] - Object: 'Object Repository/Page_Login  Schoolcomms (1)/button_LOG IN' is clicked on

2018-02-13 15:22:09 - [TEST_STEP][PASSED] - Statement - url = com.kms.katalon.core.webui.keyword.WebUiBuiltInKeywords.getUrl(): Current window's url is: 'https://labs.schoolcomms.com/payments/'

2018-02-13 15:22:09 - [MESSAGE][PASSED] - Current window's url is: 'https://labs.schoolcomms.com/payments/'

2018-02-13 15:22:09 - [TEST_STEP][PASSED] - verifyEqual: Actual object 'https://labs.schoolcomms.com/payments/' and expected object 'https://labs.schoolcomms.com/payments/' are equal

2018-02-13 15:22:09 - [MESSAGE][PASSED] - Actual object 'https://labs.schoolcomms.com/payments/' and expected object 'https://labs.schoolcomms.com/payments/' are equal

2018-02-13 15:22:09 - [TEST_STEP][PASSED] - takeScreenshot: Taking screenshot successfully

2018-02-13 15:22:09 - [MESSAGE][PASSED] - Taking screenshot successfully
[[ATTACHMENT|/Users/SchoolComms-Test/Documents/GitHub/SCOTWReleaseChecks/Reports/Release Checks/20180213_151942/C:\\\\Windows\\\\Temp\\\\KatalonCaptures\\\\Create_Bank_Account.png]]

2018-02-13 15:22:09 - [TEST_STEP][PASSED] - closeBrowser: Browser is closed

2018-02-13 15:22:09 - [MESSAGE][PASSED] - Browser is closed]]></system-out>
         <system-err><![CDATA[]]></system-err>
      </testcase>
      <testcase name="Test Cases/POTW - Landing Pages - Step 3 - No Permission to create bank account landing page" classname="Test Cases/POTW - Landing Pages - Step 3 - No Permission to create bank account landing page" status="PASSED">
         <system-out><![CDATA[2018-02-13 15:22:09 - [TEST_CASE][PASSED] - Test Cases/POTW - Landing Pages - Step 3 - No Permission to create bank account landing page: Test Cases/POTW - Landing Pages - Step 3 - No Permission to create bank account landing page

2018-02-13 15:22:09 - [TEST_STEP][PASSED] - openBrowser: Browser is opened with url: ''

2018-02-13 15:22:11 - [MESSAGE][PASSED] - Browser is opened with url: ''

2018-02-13 15:22:11 - [TEST_STEP][PASSED] - navigateToUrl: Navigate to 'https://labs.schoolcomms.com/payments/login' successfully

2018-02-13 15:22:12 - [MESSAGE][PASSED] - Navigate to 'https://labs.schoolcomms.com/payments/login' successfully

2018-02-13 15:22:12 - [TEST_STEP][PASSED] - setText: Text 'SCATPSUO' is set on object 'Object Repository/Page_Login  Schoolcomms (1)/input_Username'

2018-02-13 15:22:12 - [MESSAGE][PASSED] - Text 'SCATPSUO' is set on object 'Object Repository/Page_Login  Schoolcomms (1)/input_Username'

2018-02-13 15:22:12 - [TEST_STEP][PASSED] - setText: Text 'Summer2018' is set on object 'Object Repository/Page_Login  Schoolcomms (1)/input_memorabledata'

2018-02-13 15:22:12 - [MESSAGE][PASSED] - Text 'Summer2018' is set on object 'Object Repository/Page_Login  Schoolcomms (1)/input_memorabledata'

2018-02-13 15:22:12 - [TEST_STEP][PASSED] - setText: Text 'Summer2019' is set on object 'Object Repository/Page_Login  Schoolcomms (1)/input_password'

2018-02-13 15:22:12 - [MESSAGE][PASSED] - Text 'Summer2019' is set on object 'Object Repository/Page_Login  Schoolcomms (1)/input_password'

2018-02-13 15:22:12 - [TEST_STEP][PASSED] - click: Object: 'Object Repository/Page_Login  Schoolcomms (1)/button_LOG IN' is clicked on

2018-02-13 15:22:13 - [MESSAGE][PASSED] - Object: 'Object Repository/Page_Login  Schoolcomms (1)/button_LOG IN' is clicked on

2018-02-13 15:22:13 - [TEST_STEP][PASSED] - Statement - url = com.kms.katalon.core.webui.keyword.WebUiBuiltInKeywords.getUrl(): Current window's url is: 'https://labs.schoolcomms.com/payments/'

2018-02-13 15:22:13 - [MESSAGE][PASSED] - Current window's url is: 'https://labs.schoolcomms.com/payments/'

2018-02-13 15:22:13 - [TEST_STEP][PASSED] - verifyEqual: Actual object 'https://labs.schoolcomms.com/payments/' and expected object 'https://labs.schoolcomms.com/payments/' are equal

2018-02-13 15:22:13 - [MESSAGE][PASSED] - Actual object 'https://labs.schoolcomms.com/payments/' and expected object 'https://labs.schoolcomms.com/payments/' are equal

2018-02-13 15:22:13 - [TEST_STEP][PASSED] - takeScreenshot: Taking screenshot successfully

2018-02-13 15:22:14 - [MESSAGE][PASSED] - Taking screenshot successfully
[[ATTACHMENT|/Users/SchoolComms-Test/Documents/GitHub/SCOTWReleaseChecks/Reports/Release Checks/20180213_151942/C:\\\\Windows\\\\Temp\\\\KatalonCaptures\\\\Create_Bank_Account.png]]

2018-02-13 15:22:14 - [TEST_STEP][PASSED] - closeBrowser: Browser is closed

2018-02-13 15:22:14 - [MESSAGE][PASSED] - Browser is closed]]></system-out>
         <system-err><![CDATA[]]></system-err>
      </testcase>
      <testcase name="Test Cases/POTW - Landing Pages - Step 4 - Active Payment landing page" classname="Test Cases/POTW - Landing Pages - Step 4 - Active Payment landing page" status="FAILED">
         <failure type="FAILED" message="Unable to verify equal between actual object 'https://labs.schoolcomms.com/payments/' and expected object 'https://labs.schoolcomms.com/payments/active' (Root cause: Actual object 'https://labs.schoolcomms.com/payments/' and expected object 'https://labs.schoolcomms.com/payments/active' are not equal)"/>
         <system-out><![CDATA[2018-02-13 15:22:14 - [TEST_CASE][FAILED] - Test Cases/POTW - Landing Pages - Step 4 - Active Payment landing page: Test Cases/POTW - Landing Pages - Step 4 - Active Payment landing page FAILED because (of) Unable to verify equal between actual object 'https://labs.schoolcomms.com/payments/' and expected object 'https://labs.schoolcomms.com/payments/active' (Root cause: Actual object 'https://labs.schoolcomms.com/payments/' and expected object 'https://labs.schoolcomms.com/payments/active' are not equal)

2018-02-13 15:22:14 - [TEST_STEP][PASSED] - openBrowser: Browser is opened with url: ''

2018-02-13 15:22:15 - [MESSAGE][PASSED] - Browser is opened with url: ''

2018-02-13 15:22:15 - [TEST_STEP][PASSED] - navigateToUrl: Navigate to 'https://labs.schoolcomms.com/payments/login' successfully

2018-02-13 15:22:16 - [MESSAGE][PASSED] - Navigate to 'https://labs.schoolcomms.com/payments/login' successfully

2018-02-13 15:22:16 - [TEST_STEP][PASSED] - setText: Text 'Hillier82' is set on object 'Object Repository/Page_Login  Schoolcomms (1)/input_Username'

2018-02-13 15:22:16 - [MESSAGE][PASSED] - Text 'Hillier82' is set on object 'Object Repository/Page_Login  Schoolcomms (1)/input_Username'

2018-02-13 15:22:16 - [TEST_STEP][PASSED] - setText: Text 'Abigail2014' is set on object 'Object Repository/Page_Login  Schoolcomms (1)/input_memorabledata'

2018-02-13 15:22:17 - [MESSAGE][PASSED] - Text 'Abigail2014' is set on object 'Object Repository/Page_Login  Schoolcomms (1)/input_memorabledata'

2018-02-13 15:22:17 - [TEST_STEP][PASSED] - setText: Text 'Isabel2011' is set on object 'Object Repository/Page_Login  Schoolcomms (1)/input_password'

2018-02-13 15:22:17 - [MESSAGE][PASSED] - Text 'Isabel2011' is set on object 'Object Repository/Page_Login  Schoolcomms (1)/input_password'

2018-02-13 15:22:17 - [TEST_STEP][PASSED] - click: Object: 'Object Repository/Page_Login  Schoolcomms (1)/button_LOG IN' is clicked on

2018-02-13 15:22:18 - [MESSAGE][PASSED] - Object: 'Object Repository/Page_Login  Schoolcomms (1)/button_LOG IN' is clicked on

2018-02-13 15:22:18 - [TEST_STEP][PASSED] - Statement - url = com.kms.katalon.core.webui.keyword.WebUiBuiltInKeywords.getUrl(): Current window's url is: 'https://labs.schoolcomms.com/payments/'

2018-02-13 15:22:18 - [MESSAGE][PASSED] - Current window's url is: 'https://labs.schoolcomms.com/payments/'

2018-02-13 15:22:18 - [TEST_STEP][FAILED] - verifyEqual: Unable to verify equal between actual object 'https://labs.schoolcomms.com/payments/' and expected object 'https://labs.schoolcomms.com/payments/active' (Root cause: Actual object 'https://labs.schoolcomms.com/payments/' and expected object 'https://labs.schoolcomms.com/payments/active' are not equal)

2018-02-13 15:22:18 - [MESSAGE][FAILED] - Unable to verify equal between actual object 'https://labs.schoolcomms.com/payments/' and expected object 'https://labs.schoolcomms.com/payments/active' (Root cause: Actual object 'https://labs.schoolcomms.com/payments/' and expected object 'https://labs.schoolcomms.com/payments/active' are not equal)]]></system-out>
         <system-err><![CDATA[2018-02-13 15:22:14 - [TEST_CASE][FAILED] - Test Cases/POTW - Landing Pages - Step 4 - Active Payment landing page: Test Cases/POTW - Landing Pages - Step 4 - Active Payment landing page FAILED because (of) Unable to verify equal between actual object 'https://labs.schoolcomms.com/payments/' and expected object 'https://labs.schoolcomms.com/payments/active' (Root cause: Actual object 'https://labs.schoolcomms.com/payments/' and expected object 'https://labs.schoolcomms.com/payments/active' are not equal)]]></system-err>
      </testcase>
      <testcase name="Test Cases/POTW - Landing Pages - Step 5 - 0 Active Payment and Other Payment landing page" classname="Test Cases/POTW - Landing Pages - Step 5 - 0 Active Payment and Other Payment landing page" status="PASSED">
         <system-out><![CDATA[2018-02-13 15:22:18 - [TEST_CASE][PASSED] - Test Cases/POTW - Landing Pages - Step 5 - 0 Active Payment and Other Payment landing page: Test Cases/POTW - Landing Pages - Step 5 - 0 Active Payment and Other Payment landing page

2018-02-13 15:22:18 - [TEST_STEP][PASSED] - openBrowser: Browser is opened with url: ''

2018-02-13 15:22:18 - [MESSAGE][WARNING] - A browser is already opened. Closing browser and opening a new one

2018-02-13 15:22:19 - [MESSAGE][PASSED] - Browser is opened with url: ''

2018-02-13 15:22:19 - [TEST_STEP][PASSED] - navigateToUrl: Navigate to 'https://labs.schoolcomms.com/payments/login' successfully

2018-02-13 15:22:20 - [MESSAGE][PASSED] - Navigate to 'https://labs.schoolcomms.com/payments/login' successfully

2018-02-13 15:22:20 - [TEST_STEP][PASSED] - setText: Text 'Hillier77' is set on object 'Object Repository/Page_Login  Schoolcomms (1)/input_Username'

2018-02-13 15:22:20 - [MESSAGE][PASSED] - Text 'Hillier77' is set on object 'Object Repository/Page_Login  Schoolcomms (1)/input_Username'

2018-02-13 15:22:20 - [TEST_STEP][PASSED] - setText: Text 'Abigail2014' is set on object 'Object Repository/Page_Login  Schoolcomms (1)/input_memorabledata'

2018-02-13 15:22:20 - [MESSAGE][PASSED] - Text 'Abigail2014' is set on object 'Object Repository/Page_Login  Schoolcomms (1)/input_memorabledata'

2018-02-13 15:22:20 - [TEST_STEP][PASSED] - setText: Text 'Isabel2011' is set on object 'Object Repository/Page_Login  Schoolcomms (1)/input_password'

2018-02-13 15:22:21 - [MESSAGE][PASSED] - Text 'Isabel2011' is set on object 'Object Repository/Page_Login  Schoolcomms (1)/input_password'

2018-02-13 15:22:21 - [TEST_STEP][PASSED] - click: Object: 'Object Repository/Page_Login  Schoolcomms (1)/button_LOG IN' is clicked on

2018-02-13 15:22:22 - [MESSAGE][PASSED] - Object: 'Object Repository/Page_Login  Schoolcomms (1)/button_LOG IN' is clicked on

2018-02-13 15:22:22 - [TEST_STEP][PASSED] - Statement - url = com.kms.katalon.core.webui.keyword.WebUiBuiltInKeywords.getUrl(): Current window's url is: 'https://labs.schoolcomms.com/payments/future'

2018-02-13 15:22:22 - [MESSAGE][PASSED] - Current window's url is: 'https://labs.schoolcomms.com/payments/future'

2018-02-13 15:22:22 - [TEST_STEP][PASSED] - verifyEqual: Actual object 'https://labs.schoolcomms.com/payments/future' and expected object 'https://labs.schoolcomms.com/payments/future' are equal

2018-02-13 15:22:22 - [MESSAGE][PASSED] - Actual object 'https://labs.schoolcomms.com/payments/future' and expected object 'https://labs.schoolcomms.com/payments/future' are equal

2018-02-13 15:22:22 - [TEST_STEP][PASSED] - takeScreenshot: Taking screenshot successfully

2018-02-13 15:22:22 - [MESSAGE][PASSED] - Taking screenshot successfully
[[ATTACHMENT|/Users/SchoolComms-Test/Documents/GitHub/SCOTWReleaseChecks/Reports/Release Checks/20180213_151942/C:\\\\Windows\\\\Temp\\\\KatalonCaptures\\\\Future_Payment_Landing_Page.png]]

2018-02-13 15:22:22 - [TEST_STEP][PASSED] - navigateToUrl: Navigate to 'https://login.schoolgateway.com/0/auth/login' successfully

2018-02-13 15:22:23 - [MESSAGE][PASSED] - Navigate to 'https://login.schoolgateway.com/0/auth/login' successfully

2018-02-13 15:22:23 - [TEST_STEP][PASSED] - setText: Text 'ahillier77@gmail.com' is set on object 'Object Repository/Page_School Gateway Login/input_email'

2018-02-13 15:22:23 - [MESSAGE][PASSED] - Text 'ahillier77@gmail.com' is set on object 'Object Repository/Page_School Gateway Login/input_email'

2018-02-13 15:22:23 - [TEST_STEP][PASSED] - setText: Text '5505' is set on object 'Object Repository/Page_School Gateway Login/input_pin'

2018-02-13 15:22:23 - [MESSAGE][PASSED] - Text '5505' is set on object 'Object Repository/Page_School Gateway Login/input_pin'

2018-02-13 15:22:23 - [TEST_STEP][PASSED] - click: Object: 'Object Repository/Page_School Gateway Login/input_loginButton' is clicked on

2018-02-13 15:22:25 - [MESSAGE][PASSED] - Object: 'Object Repository/Page_School Gateway Login/input_loginButton' is clicked on

2018-02-13 15:22:25 - [TEST_STEP][PASSED] - click: Object: 'Object Repository/Page_Main Menu  School Gateway/div_menuOption' is clicked on

2018-02-13 15:22:25 - [MESSAGE][PASSED] - Object: 'Object Repository/Page_Main Menu  School Gateway/div_menuOption' is clicked on

2018-02-13 15:22:25 - [TEST_STEP][PASSED] - takeScreenshot: Taking screenshot successfully

2018-02-13 15:22:26 - [MESSAGE][PASSED] - Taking screenshot successfully
[[ATTACHMENT|/Users/SchoolComms-Test/Documents/GitHub/SCOTWReleaseChecks/Reports/Release Checks/20180213_151942/C:\\\\Windows\\\\Temp\\\\KatalonCaptures\\\\SchoolGateway_No_Payment_Showing.png]]

2018-02-13 15:22:26 - [TEST_STEP][PASSED] - closeBrowser: Browser is closed

2018-02-13 15:22:26 - [MESSAGE][PASSED] - Browser is closed]]></system-out>
         <system-err><![CDATA[]]></system-err>
      </testcase>
      <system-out><![CDATA[2018-02-13 15:21:26 - [TEST_SUITE][FAILED] - Release Checks: Test Cases/POTW - Landing Pages - Step 1 - No payment Subscription landing page FAILED because (of) Unable to click on object 'Object Repository/Page_Payments  Schoolcomms (1)/li_Clubs' (Root cause: org.openqa.selenium.WebDriverException: unknown error: Element is not clickable at point (-14, 122)
  (Session info: chrome=63.0.3239.132)
  (Driver info: chromedriver=2.35.528157 (4429ca2590d6988c0745c24c8858745aaaec01ef),platform=Mac OS X 10.13.3 x86_64) (WARNING: The server did not provide any stacktrace information)
Command duration or timeout: 0 milliseconds
Build info: version: '3.7.1', revision: '8a0099a', time: '2017-11-06T21:07:36.161Z'
System info: host: 'SchoolCommssAir', ip: '2a02:c7f:7002:5a00:1989:f627:a537:14b3', os.name: 'Mac OS X', os.arch: 'x86_64', os.version: '10.13.3', java.version: '1.8.0_102'
Driver info: com.kms.katalon.selenium.driver.CChromeDriver
Capabilities {acceptInsecureCerts: false, acceptSslCerts: false, applicationCacheEnabled: false, browserConnectionEnabled: false, browserName: chrome, chrome: {chromedriverVersion: 2.35.528157 (4429ca2590d698..., userDataDir: /var/folders/g7/7095ctfn785...}, cssSelectorsEnabled: true, databaseEnabled: false, handlesAlerts: true, hasTouchScreen: false, javascriptEnabled: true, locationContextEnabled: true, mobileEmulationEnabled: false, nativeEvents: true, networkConnectionEnabled: false, pageLoadStrategy: normal, platform: MAC, platformName: MAC, rotatable: false, setWindowRect: true, takesHeapSnapshot: true, takesScreenshot: true, unexpectedAlertBehaviour: , unhandledPromptBehavior: , version: 63.0.3239.132, webStorageEnabled: true}
Session ID: 4c80bb86fe0a19f612f4db51b57b3387)]]></system-out>
      <system-err><![CDATA[2018-02-13 15:21:26 - [TEST_SUITE][FAILED] - Release Checks: Test Cases/POTW - Landing Pages - Step 1 - No payment Subscription landing page FAILED because (of) Unable to click on object 'Object Repository/Page_Payments  Schoolcomms (1)/li_Clubs' (Root cause: org.openqa.selenium.WebDriverException: unknown error: Element is not clickable at point (-14, 122)
  (Session info: chrome=63.0.3239.132)
  (Driver info: chromedriver=2.35.528157 (4429ca2590d6988c0745c24c8858745aaaec01ef),platform=Mac OS X 10.13.3 x86_64) (WARNING: The server did not provide any stacktrace information)
Command duration or timeout: 0 milliseconds
Build info: version: '3.7.1', revision: '8a0099a', time: '2017-11-06T21:07:36.161Z'
System info: host: 'SchoolCommssAir', ip: '2a02:c7f:7002:5a00:1989:f627:a537:14b3', os.name: 'Mac OS X', os.arch: 'x86_64', os.version: '10.13.3', java.version: '1.8.0_102'
Driver info: com.kms.katalon.selenium.driver.CChromeDriver
Capabilities {acceptInsecureCerts: false, acceptSslCerts: false, applicationCacheEnabled: false, browserConnectionEnabled: false, browserName: chrome, chrome: {chromedriverVersion: 2.35.528157 (4429ca2590d698..., userDataDir: /var/folders/g7/7095ctfn785...}, cssSelectorsEnabled: true, databaseEnabled: false, handlesAlerts: true, hasTouchScreen: false, javascriptEnabled: true, locationContextEnabled: true, mobileEmulationEnabled: false, nativeEvents: true, networkConnectionEnabled: false, pageLoadStrategy: normal, platform: MAC, platformName: MAC, rotatable: false, setWindowRect: true, takesHeapSnapshot: true, takesScreenshot: true, unexpectedAlertBehaviour: , unhandledPromptBehavior: , version: 63.0.3239.132, webStorageEnabled: true}
Session ID: 4c80bb86fe0a19f612f4db51b57b3387)]]></system-err>
   </testsuite>
</testsuites>
